<?xml version="1.0" encoding="UTF-8"?>
<testsuite xmlns:xsi="http://www.w3.org/2001/XMLSchema-instance" xsi:noNamespaceSchemaLocation="https://maven.apache.org/surefire/maven-surefire-plugin/xsd/surefire-test-report.xsd" version="3.0.2" name="io.sleighzy.template.server.impl.OrdersServiceTest" time="0.836" tests="1" errors="0" skipped="0" failures="0" flakes="0">
  <properties>
[...]
</properties>
  <testcase name="testGetOrderOne" classname="io.sleighzy.template.server.impl.OrdersServiceTest" time="0.83">
    <system-out><![CDATA[17:05:58.265 [grizzly-http-server-0,,] INFO  io.sleighzy.orders.rest.impl.OrdersResource - GET /orders/:id
17:05:58.272 [grizzly-http-server-0,,] INFO  io.sleighzy.orders.service.OrdersService - Retrieving order for id: 1
17:05:58.284 [grizzly-http-server-1,,] INFO  io.sleighzy.orders.rest.impl.OrdersResource - GET /orders
17:05:58.284 [grizzly-http-server-1,,] INFO  io.sleighzy.orders.service.OrdersService - Retrieving orders
17:05:58.332 [grizzly-http-server-0,,] INFO  io.sleighzy.orders.service.OrdersService - [{"id":"1","userId":null,"productId":null,"status":null,"createdAt":null,"updatedAt":null},{"id":"2","userId":null,"productId":null,"status":null,"createdAt":null,"updatedAt":null}]
]]></system-out>
    <system-err><![CDATA[Sept 20, 2026 5:05:57 PM org.glassfish.jersey.server.wadl.WadlFeature configure
WARNING: JAXBContext implementation could not be found. WADL feature is disabled.
Sept 20, 2026 5:05:58 PM org.glassfish.grizzly.http.server.NetworkListener start
INFO: Started listener bound to [localhost:8080]
Sept 20, 2026 5:05:58 PM org.glassfish.grizzly.http.server.HttpServer start
INFO: [HttpServer] Started.
Sept 20, 2026 5:05:58 PM org.glassfish.grizzly.http.server.NetworkListener shutdownNow
INFO: Stopped listener bound to [localhost:8080]
]]></system-err>
  </testcase>
</testsuite>